<?xml version="1.0" encoding="UTF-8"?>
<!-- Generated by org.testng.reporters.JUnitXMLReporter -->
<testsuite ignored="0" hostname="DESKTOP-2G546S3" failures="0" tests="7" name="mytest" time="6.626" errors="0" timestamp="2026-04-16T01:37:17 GMT+07:00">
  <testcase classname="day42.OrangeHRMTest" name="openapp" time="3.396"/>
  <testcase classname="day42.OrangeHRMTest" name="testLogo" time="3.022"/>
  <testcase classname="day42.OrangeHRMTest" name="testLogin" time="0.12"/>
  <testcase classname="day42.OrangeHRMTest" name="testClose" time="0.048"/>
  <testcase classname="day42.FirstTestCase" name="openapp" time="0.001"/>
  <testcase classname="day42.FirstTestCase" name="login" time="0.001"/>
  <testcase classname="day42.FirstTestCase" name="logout" time="0.0"/>
</testsuite> <!-- mytest -->
