<?xml version="1.0" encoding="UTF-8"?>
<!-- Generated by org.testng.reporters.JUnitXMLReporter -->
<testsuite ignored="6" hostname="DESKTOP-2G546S3" failures="0" tests="1" name="Default test" time="1.294" errors="0" timestamp="2026-06-16T21:55:07 GMT+07:00">
  <testcase classname="TipsAndTrick.CommonExceptions" name="testStaleElementReferenceException" time="1.153"/>
  <testcase classname="TipsAndTrick.CommonExceptions" name="testNoAlertPresentException" time="0.0">
    <ignored/>
  </testcase> <!-- testNoAlertPresentException -->
  <testcase classname="TipsAndTrick.CommonExceptions" name="testNoSuchSessionException" time="0.0">
    <ignored/>
  </testcase> <!-- testNoSuchSessionException -->
  <testcase classname="TipsAndTrick.CommonExceptions" name="testInvalidSelectorException" time="0.0">
    <ignored/>
  </testcase> <!-- testInvalidSelectorException -->
  <testcase classname="TipsAndTrick.CommonExceptions" name="testNoSuchElementException2" time="0.0">
    <ignored/>
  </testcase> <!-- testNoSuchElementException2 -->
  <testcase classname="TipsAndTrick.CommonExceptions" name="testElementNotInteractableException" time="0.0">
    <ignored/>
  </testcase> <!-- testElementNotInteractableException -->
  <testcase classname="TipsAndTrick.CommonExceptions" name="testNoSuchElementException" time="0.0">
    <ignored/>
  </testcase> <!-- testNoSuchElementException -->
</testsuite> <!-- Default test -->
