<?xml version="1.0" encoding="UTF-8"?>
<!-- Generated by org.testng.reporters.JUnitXMLReporter -->
<testsuite ignored="2" hostname="DESKTOP-2G546S3" failures="0" tests="6" name="groupingtests" time="0.05" errors="0" timestamp="2026-04-20T22:33:09 GMT+07:00">
  <testcase classname="day44.LoginTests" name="loginByEmail" time="0.007"/>
  <testcase classname="day44.LoginTests" name="loginByFaceBook" time="0.0"/>
  <testcase classname="day44.LoginTests" name="loginByTwitter" time="0.002"/>
  <testcase classname="day44.SignUpTests" name="signupByEmail" time="0.001"/>
  <testcase classname="day44.SignUpTests" name="sigupnByFacebook" time="0.001"/>
  <testcase classname="day44.SignUpTests" name="sigupnByTwitter" time="0.001"/>
  <testcase classname="day44.PaymentTests" name="paymentinRupees" time="0.0">
    <ignored/>
  </testcase> <!-- paymentinRupees -->
  <testcase classname="day44.PaymentTests" name="paymentinDollars" time="0.0">
    <ignored/>
  </testcase> <!-- paymentinDollars -->
</testsuite> <!-- groupingtests -->
