<?xml version="1.0" encoding="UTF-8"?>
<!-- Generated by org.testng.reporters.JUnitXMLReporter -->
<testsuite ignored="0" hostname="DESKTOP-2G546S3" failures="0" tests="3" name="ChromeTest" time="5.02" errors="0" timestamp="2026-04-22T00:37:16 GMT+07:00">
  <testcase classname="day45.ParamTest" name="testLogo" time="1.037"/>
  <testcase classname="day45.ParamTest" name="testTitle" time="0.006"/>
  <testcase classname="day45.ParamTest" name="testURL" time="0.006"/>
</testsuite> <!-- ChromeTest -->
