<?xml version="1.0" encoding="UTF-8"?>
<!-- Generated by org.testng.reporters.JUnitXMLReporter -->
<testsuite ignored="0" hostname="DESKTOP-2G546S3" failures="0" tests="3" name="FirefoxTest" time="6.831" errors="0" timestamp="2026-04-22T00:37:18 GMT+07:00">
  <testcase classname="day45.ParamTest" name="testLogo" time="1.025"/>
  <testcase classname="day45.ParamTest" name="testTitle" time="0.004"/>
  <testcase classname="day45.ParamTest" name="testURL" time="0.005"/>
</testsuite> <!-- FirefoxTest -->
