<?xml version="1.0" encoding="UTF-8"?>
<!-- Generated by org.testng.reporters.JUnitXMLReporter -->
<testsuite ignored="0" hostname="DESKTOP-2G546S3" failures="1" tests="2" name="Test" time="14.119" errors="0" timestamp="2026-06-02T19:13:07 GMT+07:00">
  <testcase classname="TipsAndTrick.LoginTestUsingDataProvider" name="LoginTest" time="5.806"/>
  <testcase classname="TipsAndTrick.LoginTestUsingDataProvider" name="LoginTest" time="14.085">
    <failure type="java.lang.AssertionError" message="expected [true] but found [false]">
      <![CDATA[java.lang.AssertionError: expected [true] but found [false]
at TipsAndTrick.LoginTestUsingDataProvider.LoginTest(LoginTestUsingDataProvider.java:32)
at java.base/java.util.concurrent.ThreadPoolExecutor.runWorker(ThreadPoolExecutor.java:1090)
at java.base/java.util.concurrent.ThreadPoolExecutor$Worker.run(ThreadPoolExecutor.java:614)
at java.base/java.lang.Thread.run(Thread.java:1474)
... Removed 11 stack frames]]>
    </failure>
  </testcase> <!-- LoginTest -->
</testsuite> <!-- Test -->
