<?xml version="1.0" encoding="UTF-8"?>
<testng-results ignored="0" total="2" passed="1" failed="1" skipped="0">
  <reporter-output>
  </reporter-output>
  <suite started-at="2026-06-02T19:12:53 GMT+07:00" name="Suite" finished-at="2026-06-02T19:13:07 GMT+07:00" duration-ms="14119">
    <groups>
    </groups>
    <test started-at="2026-06-02T19:12:53 GMT+07:00" name="Test" finished-at="2026-06-02T19:13:07 GMT+07:00" duration-ms="14119">
      <class name="TipsAndTrick.LoginTestUsingDataProvider">
        <test-method signature="LoginTest(java.lang.String,java.lang.String)[pri:0, instance:TipsAndTrick.LoginTestUsingDataProvider@6973b51b]" started-at="2026-06-02T19:12:53 GMT+07:00" name="LoginTest" data-provider="loginData" finished-at="2026-06-02T19:12:59 GMT+07:00" duration-ms="5806" status="PASS">
          <params>
            <param index="0">
              <value>
                <![CDATA[lubywu@mailinator.com]]>
              </value>
            </param>
            <param index="1">
              <value>
                <![CDATA[123123Sd@]]>
              </value>
            </param>
          </params>
          <reporter-output>
          </reporter-output>
        </test-method> <!-- LoginTest -->
        <test-method signature="LoginTest(java.lang.String,java.lang.String)[pri:0, instance:TipsAndTrick.LoginTestUsingDataProvider@6973b51b]" started-at="2026-06-02T19:12:53 GMT+07:00" name="LoginTest" data-provider="loginData" finished-at="2026-06-02T19:13:07 GMT+07:00" duration-ms="14085" status="FAIL">
          <params>
            <param index="0">
              <value>
                <![CDATA[jane,smith321@example.com]]>
              </value>
            </param>
            <param index="1">
              <value>
                <![CDATA[test321]]>
              </value>
            </param>
          </params>
          <exception class="java.lang.AssertionError">
            <message>
              <![CDATA[expected [true] but found [false]]]>
            </message>
            <full-stacktrace>
              <![CDATA[java.lang.AssertionError: expected [true] but found [false]
at org.testng.Assert.fail(Assert.java:111)
at org.testng.Assert.failNotEquals(Assert.java:1590)
at org.testng.Assert.assertTrue(Assert.java:57)
at org.testng.Assert.assertTrue(Assert.java:67)
at TipsAndTrick.LoginTestUsingDataProvider.LoginTest(LoginTestUsingDataProvider.java:32)
at java.base/jdk.internal.reflect.DirectMethodHandleAccessor.invoke(DirectMethodHandleAccessor.java:104)
at java.base/java.lang.reflect.Method.invoke(Method.java:565)
at org.testng.internal.invokers.MethodInvocationHelper.invokeMethod(MethodInvocationHelper.java:141)
at org.testng.internal.invokers.TestInvoker.invokeMethod(TestInvoker.java:687)
at org.testng.internal.invokers.TestInvoker.invokeTestMethod(TestInvoker.java:230)
at org.testng.internal.invokers.TestMethodWithDataProviderMethodWorker.call(TestMethodWithDataProviderMethodWorker.java:81)
at org.testng.internal.thread.Async$AsyncTask.run(Async.java:34)
at java.base/java.util.concurrent.ThreadPoolExecutor.runWorker(ThreadPoolExecutor.java:1090)
at java.base/java.util.concurrent.ThreadPoolExecutor$Worker.run(ThreadPoolExecutor.java:614)
at java.base/java.lang.Thread.run(Thread.java:1474)
]]>
            </full-stacktrace>
          </exception> <!-- java.lang.AssertionError -->
          <reporter-output>
          </reporter-output>
        </test-method> <!-- LoginTest -->
      </class> <!-- TipsAndTrick.LoginTestUsingDataProvider -->
    </test> <!-- Test -->
  </suite> <!-- Suite -->
</testng-results>
