<?xml version="1.0" encoding="UTF-8"?>
<testng-results ignored="0" total="2" passed="2" failed="0" skipped="0">
  <reporter-output>
  </reporter-output>
  <suite started-at="2026-06-06T17:26:59 GMT+07:00" name="Suite" finished-at="2026-06-06T17:27:01 GMT+07:00" duration-ms="1970">
    <groups>
    </groups>
    <test started-at="2026-06-06T17:26:59 GMT+07:00" name="Test" finished-at="2026-06-06T17:27:01 GMT+07:00" duration-ms="1970">
      <class name="threadSafetyConcept.DriverTest1">
        <test-method signature="mytest2()[pri:0, instance:threadSafetyConcept.DriverTest1@20deea7f]" started-at="2026-06-06T17:26:59 GMT+07:00" name="mytest2" finished-at="2026-06-06T17:27:00 GMT+07:00" duration-ms="1379" status="PASS">
          <reporter-output>
          </reporter-output>
        </test-method> <!-- mytest2 -->
        <test-method signature="mytest1()[pri:0, instance:threadSafetyConcept.DriverTest1@20deea7f]" started-at="2026-06-06T17:26:59 GMT+07:00" name="mytest1" finished-at="2026-06-06T17:27:00 GMT+07:00" duration-ms="1812" status="PASS">
          <reporter-output>
          </reporter-output>
        </test-method> <!-- mytest1 -->
        <test-method is-config="true" signature="tearDown()[pri:0, instance:threadSafetyConcept.DriverTest1@20deea7f]" started-at="2026-06-06T17:27:00 GMT+07:00" name="tearDown" finished-at="2026-06-06T17:27:00 GMT+07:00" duration-ms="171" status="PASS">
          <reporter-output>
          </reporter-output>
        </test-method> <!-- tearDown -->
        <test-method is-config="true" signature="tearDown()[pri:0, instance:threadSafetyConcept.DriverTest1@20deea7f]" started-at="2026-06-06T17:27:00 GMT+07:00" name="tearDown" finished-at="2026-06-06T17:27:01 GMT+07:00" duration-ms="127" status="PASS">
          <reporter-output>
          </reporter-output>
        </test-method> <!-- tearDown -->
      </class> <!-- threadSafetyConcept.DriverTest1 -->
    </test> <!-- Test -->
  </suite> <!-- Suite -->
</testng-results>
