<?xml version="1.0" encoding="UTF-8"?>
<!-- Generated by org.testng.reporters.JUnitReportReporter -->
<testsuite hostname="DESKTOP-2G546S3" failures="0" tests="3" name="day44.LoginTests" time="0.009" errors="0" timestamp="2026-04-20T22:33:09 GMT+07:00" skipped="0">
  <testcase classname="day44.LoginTests" name="loginByEmail" time="0.007"/>
  <testcase classname="day44.LoginTests" name="loginByFaceBook" time="0.000"/>
  <testcase classname="day44.LoginTests" name="loginByTwitter" time="0.002"/>
</testsuite> <!-- day44.LoginTests -->
