<?xml version="1.0" encoding="UTF-8"?>
<!-- Generated by org.testng.reporters.JUnitReportReporter -->
<testsuite hostname="DESKTOP-2G546S3" failures="0" tests="4" name="day42.OrangeHRMTest" time="6.586" errors="0" timestamp="2026-04-16T01:37:17 GMT+07:00" skipped="0">
  <testcase classname="day42.OrangeHRMTest" name="openapp" time="3.396"/>
  <testcase classname="day42.OrangeHRMTest" name="testLogo" time="3.022"/>
  <testcase classname="day42.OrangeHRMTest" name="testLogin" time="0.120"/>
  <testcase classname="day42.OrangeHRMTest" name="testClose" time="0.048"/>
</testsuite> <!-- day42.OrangeHRMTest -->
