<?xml version="1.0" encoding="UTF-8"?>
<!-- Generated by org.testng.reporters.JUnitReportReporter -->
<testsuite hostname="DESKTOP-2G546S3" failures="0" tests="9" name="day45.ParamTest" time="3.132" errors="0" timestamp="2026-04-22T00:37:18 GMT+07:00" skipped="0">
  <testcase classname="day45.ParamTest" name="testLogo" time="1.037"/>
  <testcase classname="day45.ParamTest" name="testLogo" time="1.037"/>
  <testcase classname="day45.ParamTest" name="testLogo" time="1.025"/>
  <testcase classname="day45.ParamTest" name="testTitle" time="0.006"/>
  <testcase classname="day45.ParamTest" name="testTitle" time="0.006"/>
  <testcase classname="day45.ParamTest" name="testTitle" time="0.004"/>
  <testcase classname="day45.ParamTest" name="testURL" time="0.006"/>
  <testcase classname="day45.ParamTest" name="testURL" time="0.006"/>
  <testcase classname="day45.ParamTest" name="testURL" time="0.005"/>
</testsuite> <!-- day45.ParamTest -->
