<?xml version="1.0" encoding="UTF-8"?>
<!-- Generated by org.testng.reporters.JUnitReportReporter -->
<testsuite hostname="DESKTOP-2G546S3" failures="0" tests="3" name="day44.SignUpTests" time="0.003" errors="0" timestamp="2026-04-20T22:33:09 GMT+07:00" skipped="0">
  <testcase classname="day44.SignUpTests" name="signupByEmail" time="0.001"/>
  <testcase classname="day44.SignUpTests" name="sigupnByFacebook" time="0.001"/>
  <testcase classname="day44.SignUpTests" name="sigupnByTwitter" time="0.001"/>
</testsuite> <!-- day44.SignUpTests -->
