<?xml version="1.0" encoding="UTF-8"?>
<!-- Generated by org.testng.reporters.JUnitReportReporter -->
<testsuite hostname="DESKTOP-2G546S3" failures="0" tests="3" name="day42.FirstTestCase" time="0.002" errors="0" timestamp="2026-04-16T01:37:17 GMT+07:00" skipped="0">
  <testcase classname="day42.FirstTestCase" name="openapp" time="0.001"/>
  <testcase classname="day42.FirstTestCase" name="login" time="0.001"/>
  <testcase classname="day42.FirstTestCase" name="logout" time="0.000"/>
</testsuite> <!-- day42.FirstTestCase -->
