<?xml version="1.0" encoding="UTF-8"?>
<!-- Generated by org.testng.reporters.JUnitReportReporter -->
<testsuite hostname="DESKTOP-2G546S3" failures="0" tests="2" name="threadSafetyConcept.DriverTest1" time="3.489" errors="0" timestamp="2026-06-06T17:27:01 GMT+07:00" skipped="0">
  <testcase classname="threadSafetyConcept.DriverTest1" name="mytest2" time="1.550"/>
  <testcase classname="threadSafetyConcept.DriverTest1" name="mytest1" time="1.939"/>
</testsuite> <!-- threadSafetyConcept.DriverTest1 -->
